<?xml version="1.0" encoding="UTF-8" ?>
<testsuites>
  <testsuite errors="0" failures="1" hostname="martins-mbp.mynet" id="0" name="HelloWorldTest" package="oata" skipped="0" tests="2" time="0.457" timestamp="2020-09-15T01:03:36">
      <properties>
[...]
</properties>

      <testcase classname="oata.HelloWorldTest" name="testNothing" time="0.001" />

      <testcase classname="oata.HelloWorldTest" name="testWillAlwaysFail" time="0.004">
          <failure message="An error message" type="junit.framework.AssertionFailedError">junit.framework.AssertionFailedError: An error message
	at oata.HelloWorldTest.testWillAlwaysFail(Unknown Source)
	at java.base/jdk.internal.reflect.NativeMethodAccessorImpl.invoke0(Native Method)
	at java.base/jdk.internal.reflect.NativeMethodAccessorImpl.invoke(NativeMethodAccessorImpl.java:62)
	at java.base/jdk.internal.reflect.DelegatingMethodAccessorImpl.invoke(DelegatingMethodAccessorImpl.java:43)
</failure>

      </testcase>

      <system-out><![CDATA[]]></system-out>

      <system-err><![CDATA[]]></system-err>

  </testsuite>
</testsuites>
